Dec 20, 2019 7:42:50 PM eg.edu.alexu.csd.oop.circusPlates.CircusLogger WarningLog
WARNING: Game Started
Dec 20, 2019 7:48:37 PM eg.edu.alexu.csd.oop.circusPlates.CircusLogger WarningLog
WARNING: Game Started
Dec 20, 2019 7:50:55 PM eg.edu.alexu.csd.oop.circusPlates.CircusLogger WarningLog
WARNING: Game Started
Dec 20, 2019 7:53:17 PM eg.edu.alexu.csd.oop.circusPlates.CircusLogger WarningLog
WARNING: Game Started
Dec 20, 2019 7:59:40 PM eg.edu.alexu.csd.oop.circusPlates.CircusLogger WarningLog
WARNING: Game Started
Dec 20, 2019 8:01:13 PM eg.edu.alexu.csd.oop.circusPlates.CircusLogger WarningLog
WARNING: Game Started
Dec 20, 2019 8:01:51 PM eg.edu.alexu.csd.oop.circusPlates.CircusLogger WarningLog
WARNING: Game Ended
Dec 20, 2019 8:02:47 PM eg.edu.alexu.csd.oop.circusPlates.CircusLogger WarningLog
WARNING: Game Started
Dec 20, 2019 8:16:59 PM eg.edu.alexu.csd.oop.circusPlates.CircusLogger WarningLog
WARNING: Game Started
Dec 20, 2019 8:17:53 PM eg.edu.alexu.csd.oop.circusPlates.CircusLogger WarningLog
WARNING: Level changed
Dec 20, 2019 8:18:20 PM eg.edu.alexu.csd.oop.circusPlates.CircusLogger WarningLog
WARNING: Game Started
Dec 20, 2019 8:19:36 PM eg.edu.alexu.csd.oop.circusPlates.CircusLogger WarningLog
WARNING: Level changed
Dec 20, 2019 8:21:32 PM eg.edu.alexu.csd.oop.circusPlates.CircusLogger WarningLog
WARNING: Game Started
Dec 20, 2019 8:33:29 PM eg.edu.alexu.csd.oop.circusPlates.CircusLogger WarningLog
WARNING: Game Started
Dec 20, 2019 8:34:43 PM eg.edu.alexu.csd.oop.circusPlates.CircusLogger WarningLog
WARNING: Game Started
Dec 20, 2019 8:35:55 PM eg.edu.alexu.csd.oop.circusPlates.CircusLogger WarningLog
WARNING: Game Started
Dec 20, 2019 8:52:10 PM eg.edu.alexu.csd.oop.circusPlates.CircusLogger WarningLog
WARNING: Game Started
Dec 20, 2019 8:57:14 PM eg.edu.alexu.csd.oop.circusPlates.CircusLogger WarningLog
WARNING: Game Started
Dec 20, 2019 9:00:18 PM eg.edu.alexu.csd.oop.circusPlates.CircusLogger WarningLog
WARNING: Game Started
Dec 20, 2019 9:00:39 PM eg.edu.alexu.csd.oop.circusPlates.CircusLogger WarningLog
WARNING: Game Started
Dec 20, 2019 9:04:17 PM eg.edu.alexu.csd.oop.circusPlates.CircusLogger WarningLog
WARNING: Game Started
Dec 20, 2019 9:06:10 PM eg.edu.alexu.csd.oop.circusPlates.CircusLogger WarningLog
WARNING: Game Started
Dec 20, 2019 9:07:47 PM eg.edu.alexu.csd.oop.circusPlates.CircusLogger WarningLog
WARNING: Game Started
Dec 20, 2019 9:08:33 PM eg.edu.alexu.csd.oop.circusPlates.CircusLogger WarningLog
WARNING: Game Started
Dec 20, 2019 9:15:42 PM eg.edu.alexu.csd.oop.circusPlates.CircusLogger WarningLog
WARNING: Game Started
Dec 20, 2019 9:17:50 PM eg.edu.alexu.csd.oop.circusPlates.CircusLogger WarningLog
WARNING: Game Started
Dec 20, 2019 9:24:49 PM eg.edu.alexu.csd.oop.circusPlates.CircusLogger WarningLog
WARNING: Game Started
Dec 20, 2019 9:30:26 PM eg.edu.alexu.csd.oop.circusPlates.CircusLogger WarningLog
WARNING: Game Started
Dec 20, 2019 9:31:03 PM eg.edu.alexu.csd.oop.circusPlates.CircusLogger WarningLog
WARNING: Game Started
Dec 20, 2019 9:31:32 PM eg.edu.alexu.csd.oop.circusPlates.CircusLogger WarningLog
WARNING: Game Started
Dec 20, 2019 9:32:55 PM eg.edu.alexu.csd.oop.circusPlates.CircusLogger WarningLog
WARNING: Game Started
Dec 20, 2019 9:38:40 PM eg.edu.alexu.csd.oop.circusPlates.CircusLogger WarningLog
WARNING: Game Started
Dec 20, 2019 9:41:57 PM eg.edu.alexu.csd.oop.circusPlates.CircusLogger WarningLog
WARNING: Game Started
Dec 20, 2019 9:42:20 PM eg.edu.alexu.csd.oop.circusPlates.CircusLogger WarningLog
WARNING: Game Started
Dec 20, 2019 9:42:38 PM eg.edu.alexu.csd.oop.circusPlates.CircusLogger WarningLog
WARNING: Game Started
Dec 20, 2019 9:42:55 PM eg.edu.alexu.csd.oop.circusPlates.CircusLogger WarningLog
WARNING: Game Started
Dec 20, 2019 9:43:08 PM eg.edu.alexu.csd.oop.circusPlates.CircusLogger WarningLog
WARNING: Game Started
Dec 20, 2019 9:43:21 PM eg.edu.alexu.csd.oop.circusPlates.CircusLogger WarningLog
WARNING: Game Started
Dec 20, 2019 9:44:05 PM eg.edu.alexu.csd.oop.circusPlates.CircusLogger WarningLog
WARNING: Game Started
Dec 20, 2019 9:44:38 PM eg.edu.alexu.csd.oop.circusPlates.CircusLogger WarningLog
WARNING: Game Started
Dec 20, 2019 10:21:40 PM eg.edu.alexu.csd.oop.circusPlates.CircusLogger WarningLog
WARNING: Game Started
Dec 20, 2019 10:21:55 PM eg.edu.alexu.csd.oop.circusPlates.CircusLogger WarningLog
WARNING: Game Started
Dec 20, 2019 10:30:44 PM eg.edu.alexu.csd.oop.circusPlates.CircusLogger WarningLog
WARNING: Game Started
Dec 20, 2019 10:34:40 PM eg.edu.alexu.csd.oop.circusPlates.CircusLogger WarningLog
WARNING: Game Started
Dec 20, 2019 10:36:18 PM eg.edu.alexu.csd.oop.circusPlates.CircusLogger WarningLog
WARNING: Game Started
Dec 20, 2019 10:40:10 PM eg.edu.alexu.csd.oop.circusPlates.CircusLogger WarningLog
WARNING: Game Started
Dec 20, 2019 10:47:56 PM eg.edu.alexu.csd.oop.circusPlates.CircusLogger WarningLog
WARNING: Game Started
Dec 20, 2019 10:49:25 PM eg.edu.alexu.csd.oop.circusPlates.CircusLogger WarningLog
WARNING: Game Started
Dec 20, 2019 10:50:25 PM eg.edu.alexu.csd.oop.circusPlates.CircusLogger WarningLog
WARNING: Game Started
Dec 20, 2019 10:51:03 PM eg.edu.alexu.csd.oop.circusPlates.CircusLogger WarningLog
WARNING: Game Started
Dec 20, 2019 10:51:57 PM eg.edu.alexu.csd.oop.circusPlates.CircusLogger WarningLog
WARNING: Game Started
Dec 20, 2019 10:55:50 PM eg.edu.alexu.csd.oop.circusPlates.CircusLogger WarningLog
WARNING: Game Started
Dec 20, 2019 11:09:33 PM eg.edu.alexu.csd.oop.circusPlates.CircusLogger WarningLog
WARNING: Game Started
Dec 20, 2019 11:15:05 PM eg.edu.alexu.csd.oop.circusPlates.CircusLogger WarningLog
WARNING: Game Started
Dec 20, 2019 11:22:27 PM eg.edu.alexu.csd.oop.circusPlates.CircusLogger WarningLog
WARNING: Game Started
Dec 20, 2019 11:34:52 PM eg.edu.alexu.csd.oop.circusPlates.CircusLogger WarningLog
WARNING: Game Started
Dec 20, 2019 11:41:58 PM eg.edu.alexu.csd.oop.circusPlates.CircusLogger WarningLog
WARNING: Game Started
Dec 21, 2019 12:35:39 AM eg.edu.alexu.csd.oop.circusPlates.CircusLogger WarningLog
WARNING: Game Started
Dec 21, 2019 12:36:47 AM eg.edu.alexu.csd.oop.circusPlates.CircusLogger WarningLog
WARNING: Game Started
Dec 21, 2019 12:37:31 AM eg.edu.alexu.csd.oop.circusPlates.CircusLogger WarningLog
WARNING: Game Started
Dec 21, 2019 12:38:32 AM eg.edu.alexu.csd.oop.circusPlates.CircusLogger WarningLog
WARNING: Game Started
Dec 21, 2019 12:42:08 AM eg.edu.alexu.csd.oop.circusPlates.CircusLogger WarningLog
WARNING: Game Started
Dec 21, 2019 12:42:45 AM eg.edu.alexu.csd.oop.circusPlates.CircusLogger WarningLog
WARNING: Game Started
Dec 21, 2019 12:43:41 AM eg.edu.alexu.csd.oop.circusPlates.CircusLogger WarningLog
WARNING: Game Started
Dec 21, 2019 12:45:15 AM eg.edu.alexu.csd.oop.circusPlates.CircusLogger WarningLog
WARNING: Game Started
Dec 21, 2019 12:48:04 AM eg.edu.alexu.csd.oop.circusPlates.CircusLogger WarningLog
WARNING: Game Started
Dec 21, 2019 12:49:07 AM eg.edu.alexu.csd.oop.circusPlates.CircusLogger WarningLog
WARNING: Level changed
Dec 21, 2019 12:54:43 AM eg.edu.alexu.csd.oop.circusPlates.CircusLogger WarningLog
WARNING: Game Started
Dec 21, 2019 12:55:32 AM eg.edu.alexu.csd.oop.circusPlates.CircusLogger WarningLog
WARNING: Game Started
Dec 21, 2019 1:01:26 AM eg.edu.alexu.csd.oop.circusPlates.CircusLogger WarningLog
WARNING: Game Started
Dec 21, 2019 1:03:13 AM eg.edu.alexu.csd.oop.circusPlates.CircusLogger WarningLog
WARNING: Game Started
Dec 21, 2019 1:05:13 AM eg.edu.alexu.csd.oop.circusPlates.CircusLogger WarningLog
WARNING: Game Started
Dec 21, 2019 1:15:06 AM eg.edu.alexu.csd.oop.circusPlates.CircusLogger WarningLog
WARNING: Game Started
Dec 21, 2019 1:19:34 AM eg.edu.alexu.csd.oop.circusPlates.CircusLogger WarningLog
WARNING: Game Started
Dec 21, 2019 1:19:51 AM eg.edu.alexu.csd.oop.circusPlates.CircusLogger WarningLog
WARNING: Game Started
Dec 21, 2019 1:20:21 AM eg.edu.alexu.csd.oop.circusPlates.CircusLogger WarningLog
WARNING: Game Started
Dec 21, 2019 1:20:55 AM eg.edu.alexu.csd.oop.circusPlates.CircusLogger WarningLog
WARNING: Game Started
Dec 21, 2019 1:21:35 AM eg.edu.alexu.csd.oop.circusPlates.CircusLogger WarningLog
WARNING: Game Started
Dec 21, 2019 1:22:20 AM eg.edu.alexu.csd.oop.circusPlates.CircusLogger WarningLog
WARNING: Game Started
Dec 21, 2019 1:22:43 AM eg.edu.alexu.csd.oop.circusPlates.CircusLogger WarningLog
WARNING: Game Started
Dec 21, 2019 1:27:11 AM eg.edu.alexu.csd.oop.circusPlates.CircusLogger WarningLog
WARNING: Game Started
Dec 21, 2019 1:28:06 AM eg.edu.alexu.csd.oop.circusPlates.CircusLogger WarningLog
WARNING: Game Started
Dec 21, 2019 1:31:55 AM eg.edu.alexu.csd.oop.circusPlates.CircusLogger WarningLog
WARNING: Game Started
Dec 21, 2019 1:34:27 AM eg.edu.alexu.csd.oop.circusPlates.CircusLogger WarningLog
WARNING: Game Started
Dec 21, 2019 1:42:33 AM eg.edu.alexu.csd.oop.circusPlates.CircusLogger WarningLog
WARNING: Game Started
Dec 21, 2019 1:43:36 AM eg.edu.alexu.csd.oop.circusPlates.CircusLogger WarningLog
WARNING: Game Started
Dec 21, 2019 1:45:42 AM eg.edu.alexu.csd.oop.circusPlates.CircusLogger WarningLog
WARNING: Game Started
Dec 21, 2019 1:46:27 AM eg.edu.alexu.csd.oop.circusPlates.CircusLogger WarningLog
WARNING: Game Started
Dec 21, 2019 1:47:39 AM eg.edu.alexu.csd.oop.circusPlates.CircusLogger WarningLog
WARNING: Game Started
Dec 21, 2019 2:06:56 AM eg.edu.alexu.csd.oop.circusPlates.CircusLogger WarningLog
WARNING: Game Started
Dec 21, 2019 2:18:16 AM eg.edu.alexu.csd.oop.circusPlates.CircusLogger WarningLog
WARNING: Game Started
Dec 21, 2019 8:31:12 AM eg.edu.alexu.csd.oop.circusPlates.CircusLogger WarningLog
WARNING: Game Started
Dec 21, 2019 8:31:51 AM eg.edu.alexu.csd.oop.circusPlates.CircusLogger WarningLog
WARNING: Level changed
